<?xml version="1.0" encoding="UTF-8"?>
<testsuite xmlns:xsi="http://www.w3.org/2001/XMLSchema-instance" xsi:noNamespaceSchemaLocation="https://maven.apache.org/surefire/maven-surefire-plugin/xsd/surefire-test-report.xsd" name="com.adityaverma.my_backend.AppTest" time="0.027" tests="1" errors="0" skipped="0" failures="0">
  <properties>
    <property name="java.specification.version" value="21"/>
    <property name="sun.jnu.encoding" value="UTF-8"/>
    <property name="java.class.path" value="/Users/adityaverma/eclipse-workspace/my-backend/target/test-classes:/Users/adityaverma/eclipse-workspace/my-backend/target/classes:/Users/adityaverma/.m2/repository/junit/junit/3.8.1/junit-3.8.1.jar:/Users/adityaverma/.m2/repository/org/eclipse/jetty/jetty-server/9.4.24.v20191120/jetty-server-9.4.24.v20191120.jar:/Users/adityaverma/.m2/repository/javax/servlet/javax.servlet-api/3.1.0/javax.servlet-api-3.1.0.jar:/Users/adityaverma/.m2/repository/org/eclipse/jetty/jetty-http/9.4.24.v20191120/jetty-http-9.4.24.v20191120.jar:/Users/adityaverma/.m2/repository/org/eclipse/jetty/jetty-util/9.4.24.v20191120/jetty-util-9.4.24.v20191120.jar:/Users/adityaverma/.m2/repository/org/eclipse/jetty/jetty-io/9.4.24.v20191120/jetty-io-9.4.24.v20191120.jar:/Users/adityaverma/.m2/repository/org/eclipse/jetty/jetty-servlet/9.4.24.v20191120/jetty-servlet-9.4.24.v20191120.jar:/Users/adityaverma/.m2/repository/org/eclipse/jetty/jetty-security/9.4.24.v20191120/jetty-security-9.4.24.v20191120.jar:/Users/adityaverma/.m2/repository/com/google/code/gson/gson/2.7/gson-2.7.jar:/Users/adityaverma/.m2/repository/org/json/json/20210307/json-20210307.jar:/Users/adityaverma/.m2/repository/mysql/mysql-connector-java/8.0.28/mysql-connector-java-8.0.28.jar:/Users/adityaverma/.m2/repository/com/google/protobuf/protobuf-java/3.11.4/protobuf-java-3.11.4.jar:"/>
    <property name="java.vm.vendor" value="Homebrew"/>
    <property name="sun.arch.data.model" value="64"/>
    <property name="java.vendor.url" value="https://github.com/Homebrew/homebrew-core/issues"/>
    <property name="os.name" value="Mac OS X"/>
    <property name="java.vm.specification.version" value="21"/>
    <property name="sun.java.launcher" value="SUN_STANDARD"/>
    <property name="user.country" value="GB"/>
    <property name="sun.boot.library.path" value="/usr/local/Cellar/openjdk/21.0.2/libexec/openjdk.jdk/Contents/Home/lib"/>
    <property name="sun.java.command" value="/Users/adityaverma/eclipse-workspace/my-backend/target/surefire/surefirebooter2815989191930532840.jar /Users/adityaverma/eclipse-workspace/my-backend/target/surefire 2024-04-21T12-40-17_424-jvmRun1 surefire11158216556287048545tmp surefire_015787837760020468123tmp"/>
    <property name="http.nonProxyHosts" value="local|*.local|169.254/16|*.169.254/16"/>
    <property name="jdk.debug" value="release"/>
    <property name="surefire.test.class.path" value="/Users/adityaverma/eclipse-workspace/my-backend/target/test-classes:/Users/adityaverma/eclipse-workspace/my-backend/target/classes:/Users/adityaverma/.m2/repository/junit/junit/3.8.1/junit-3.8.1.jar:/Users/adityaverma/.m2/repository/org/eclipse/jetty/jetty-server/9.4.24.v20191120/jetty-server-9.4.24.v20191120.jar:/Users/adityaverma/.m2/repository/javax/servlet/javax.servlet-api/3.1.0/javax.servlet-api-3.1.0.jar:/Users/adityaverma/.m2/repository/org/eclipse/jetty/jetty-http/9.4.24.v20191120/jetty-http-9.4.24.v20191120.jar:/Users/adityaverma/.m2/repository/org/eclipse/jetty/jetty-util/9.4.24.v20191120/jetty-util-9.4.24.v20191120.jar:/Users/adityaverma/.m2/repository/org/eclipse/jetty/jetty-io/9.4.24.v20191120/jetty-io-9.4.24.v20191120.jar:/Users/adityaverma/.m2/repository/org/eclipse/jetty/jetty-servlet/9.4.24.v20191120/jetty-servlet-9.4.24.v20191120.jar:/Users/adityaverma/.m2/repository/org/eclipse/jetty/jetty-security/9.4.24.v20191120/jetty-security-9.4.24.v20191120.jar:/Users/adityaverma/.m2/repository/com/google/code/gson/gson/2.7/gson-2.7.jar:/Users/adityaverma/.m2/repository/org/json/json/20210307/json-20210307.jar:/Users/adityaverma/.m2/repository/mysql/mysql-connector-java/8.0.28/mysql-connector-java-8.0.28.jar:/Users/adityaverma/.m2/repository/com/google/protobuf/protobuf-java/3.11.4/protobuf-java-3.11.4.jar:"/>
    <property name="sun.cpu.endian" value="little"/>
    <property name="user.home" value="/Users/adityaverma"/>
    <property name="user.language" value="en"/>
    <property name="java.specification.vendor" value="Oracle Corporation"/>
    <property name="java.version.date" value="2024-01-16"/>
    <property name="java.home" value="/usr/local/Cellar/openjdk/21.0.2/libexec/openjdk.jdk/Contents/Home"/>
    <property name="file.separator" value="/"/>
    <property name="basedir" value="/Users/adityaverma/eclipse-workspace/my-backend"/>
    <property name="java.vm.compressedOopsMode" value="Zero based"/>
    <property name="line.separator" value="&#10;"/>
    <property name="java.vm.specification.vendor" value="Oracle Corporation"/>
    <property name="java.specification.name" value="Java Platform API Specification"/>
    <property name="apple.awt.application.name" value="ForkedBooter"/>
    <property name="surefire.real.class.path" value="/Users/adityaverma/eclipse-workspace/my-backend/target/surefire/surefirebooter2815989191930532840.jar"/>
    <property name="sun.management.compiler" value="HotSpot 64-Bit Tiered Compilers"/>
    <property name="ftp.nonProxyHosts" value="local|*.local|169.254/16|*.169.254/16"/>
    <property name="java.runtime.version" value="21.0.2"/>
    <property name="user.name" value="adityaverma"/>
    <property name="stdout.encoding" value="UTF-8"/>
    <property name="path.separator" value=":"/>
    <property name="os.version" value="12.7.4"/>
    <property name="java.runtime.name" value="OpenJDK Runtime Environment"/>
    <property name="file.encoding" value="UTF-8"/>
    <property name="java.vm.name" value="OpenJDK 64-Bit Server VM"/>
    <property name="java.vendor.version" value="Homebrew"/>
    <property name="localRepository" value="/Users/adityaverma/.m2/repository"/>
    <property name="java.vendor.url.bug" value="https://github.com/Homebrew/homebrew-core/issues"/>
    <property name="java.io.tmpdir" value="/var/folders/6d/6k9b4_jd7_sgnwx02kwbmds80000gn/T/"/>
    <property name="java.version" value="21.0.2"/>
    <property name="user.dir" value="/Users/adityaverma/eclipse-workspace/my-backend"/>
    <property name="os.arch" value="x86_64"/>
    <property name="java.vm.specification.name" value="Java Virtual Machine Specification"/>
    <property name="native.encoding" value="UTF-8"/>
    <property name="java.library.path" value="/Users/adityaverma/Library/Java/Extensions:/Library/Java/Extensions:/Network/Library/Java/Extensions:/System/Library/Java/Extensions:/usr/lib/java:."/>
    <property name="java.vm.info" value="mixed mode, sharing"/>
    <property name="stderr.encoding" value="UTF-8"/>
    <property name="java.vendor" value="Homebrew"/>
    <property name="java.vm.version" value="21.0.2"/>
    <property name="sun.io.unicode.encoding" value="UnicodeBig"/>
    <property name="socksNonProxyHosts" value="local|*.local|169.254/16|*.169.254/16"/>
    <property name="java.class.version" value="65.0"/>
  </properties>
  <testcase name="testApp" classname="com.adityaverma.my_backend.AppTest" time="0.007"/>
</testsuite>